<?xml version="1.0" encoding="UTF-8"?>
<!-- Generated by org.testng.reporters.JUnitReportReporter -->
<testsuite skipped="0" hostname="Naus-Mac-mini.local" name="testCase.TC04_AddLeavetype" tests="1" failures="0" timestamp="19 Mar 2018 09:42:01 GMT" time="6.153" errors="0">
  <testcase name="f" time="6.153" classname="testCase.TC04_AddLeavetype"/>
</testsuite> <!-- testCase.TC04_AddLeavetype -->
