<?xml version="1.0" encoding="UTF-8"?>
<!-- Generated by org.testng.reporters.JUnitReportReporter -->
<testsuite skipped="0" hostname="Naus-Mac-mini.local" name="testCase.TC01_TestLogin" tests="1" failures="0" timestamp="14 Mar 2018 08:51:06 GMT" time="24.239" errors="0">
  <testcase name="f" time="24.239" classname="testCase.TC01_TestLogin"/>
</testsuite> <!-- testCase.TC01_TestLogin -->
