<?xml version="1.0" encoding="UTF-8"?>
<!-- Generated by org.testng.reporters.JUnitReportReporter -->
<testsuite skipped="0" hostname="Naus-Mac-mini.local" name="testCase.TC02_TestCreate_Objective" tests="1" failures="0" timestamp="14 Mar 2018 05:08:49 GMT" time="25.711" errors="0">
  <testcase name="f" time="25.711" classname="testCase.TC02_TestCreate_Objective"/>
</testsuite> <!-- testCase.TC02_TestCreate_Objective -->
