<?xml version="1.0" encoding="UTF-8"?>
<!-- Generated by org.testng.reporters.JUnitReportReporter -->
<testsuite skipped="0" hostname="Naus-Mac-mini.local" name="Demo.NewTest" tests="1" failures="0" timestamp="27 Feb 2018 10:12:59 GMT" time="14.087" errors="0">
  <testcase name="f" time="14.087" classname="Demo.NewTest"/>
</testsuite> <!-- Demo.NewTest -->
