<?xml version="1.0" encoding="UTF-8"?>
<!-- Generated by org.testng.reporters.JUnitReportReporter -->
<testsuite skipped="0" hostname="Naus-Mac-mini.local" name="testCase.test_login" tests="1" failures="0" timestamp="05 Mar 2018 10:26:37 GMT" time="11.888" errors="0">
  <testcase name="f" time="11.888" classname="testCase.test_login"/>
</testsuite> <!-- testCase.test_login -->
