<?xml version="1.0" encoding="UTF-8"?>
<!-- Generated by org.testng.reporters.JUnitReportReporter -->
<testsuite skipped="0" hostname="Naus-Mac-mini.local" name="testCase.TC02_Create_Delete_Objective" tests="1" failures="0" timestamp="19 Mar 2018 09:42:00 GMT" time="12.955" errors="0">
  <testcase name="f" time="12.955" classname="testCase.TC02_Create_Delete_Objective"/>
</testsuite> <!-- testCase.TC02_Create_Delete_Objective -->
