<?xml version="1.0" encoding="UTF-8"?>
<!-- Generated by org.testng.reporters.JUnitReportReporter -->
<testsuite skipped="0" hostname="Naus-Mac-mini.local" name="testCase.TC05_CheckUserProfile" tests="1" failures="0" timestamp="14 Mar 2018 11:30:23 GMT" time="2.133" errors="0">
  <testcase name="f" time="2.133" classname="testCase.TC05_CheckUserProfile"/>
</testsuite> <!-- testCase.TC05_CheckUserProfile -->
